<?xml version="1.0" encoding="UTF-8"?>
<testng-results ignored="0" total="4" passed="4" failed="0" skipped="0">
  <reporter-output>
  </reporter-output>
  <suite started-at="2022-11-01T13:33:07 EET" name="Default suite" finished-at="2022-11-01T13:34:40 EET" duration-ms="92838">
    <groups>
    </groups>
    <test started-at="2022-11-01T13:33:07 EET" name="Default test" finished-at="2022-11-01T13:34:40 EET" duration-ms="92838">
      <class name="test.TestingTheHomepage">
        <test-method is-config="true" signature="reportSetup()[pri:0, instance:test.TestingTheHomepage@1ca3b418]" started-at="2022-11-01T13:33:06 EET" name="reportSetup" finished-at="2022-11-01T13:33:07 EET" duration-ms="698" status="PASS">
          <reporter-output>
          </reporter-output>
        </test-method> <!-- reportSetup -->
        <test-method is-config="true" signature="setUpTest()[pri:0, instance:test.TestingTheHomepage@1ca3b418]" started-at="2022-11-01T13:33:07 EET" name="setUpTest" finished-at="2022-11-01T13:33:14 EET" duration-ms="7595" status="PASS">
          <reporter-output>
          </reporter-output>
        </test-method> <!-- setUpTest -->
        <test-method signature="testHomePage(java.lang.String,java.lang.String)[pri:0, instance:test.TestingTheHomepage@1ca3b418]" started-at="2022-11-01T13:33:16 EET" name="testHomePage" data-provider="UsersData" finished-at="2022-11-01T13:33:39 EET" duration-ms="22687" status="PASS">
          <params>
            <param index="0">
              <value>
                <![CDATA[standard_user]]>
              </value>
            </param>
            <param index="1">
              <value>
                <![CDATA[secret_sauce]]>
              </value>
            </param>
          </params>
          <reporter-output>
          </reporter-output>
        </test-method> <!-- testHomePage -->
        <test-method signature="testHomePage(java.lang.String,java.lang.String)[pri:0, instance:test.TestingTheHomepage@1ca3b418]" started-at="2022-11-01T13:33:39 EET" name="testHomePage" data-provider="UsersData" finished-at="2022-11-01T13:33:40 EET" duration-ms="1034" status="PASS">
          <params>
            <param index="0">
              <value>
                <![CDATA[locked_out_user]]>
              </value>
            </param>
            <param index="1">
              <value>
                <![CDATA[secret_sauce]]>
              </value>
            </param>
          </params>
          <reporter-output>
          </reporter-output>
        </test-method> <!-- testHomePage -->
        <test-method signature="testHomePage(java.lang.String,java.lang.String)[pri:0, instance:test.TestingTheHomepage@1ca3b418]" started-at="2022-11-01T13:33:40 EET" name="testHomePage" data-provider="UsersData" finished-at="2022-11-01T13:33:55 EET" duration-ms="14682" status="PASS">
          <params>
            <param index="0">
              <value>
                <![CDATA[problem_user]]>
              </value>
            </param>
            <param index="1">
              <value>
                <![CDATA[secret_sauce]]>
              </value>
            </param>
          </params>
          <reporter-output>
          </reporter-output>
        </test-method> <!-- testHomePage -->
        <test-method signature="testHomePage(java.lang.String,java.lang.String)[pri:0, instance:test.TestingTheHomepage@1ca3b418]" started-at="2022-11-01T13:33:55 EET" name="testHomePage" data-provider="UsersData" finished-at="2022-11-01T13:34:39 EET" duration-ms="44554" status="PASS">
          <params>
            <param index="0">
              <value>
                <![CDATA[performance_glitch_user]]>
              </value>
            </param>
            <param index="1">
              <value>
                <![CDATA[secret_sauce]]>
              </value>
            </param>
          </params>
          <reporter-output>
          </reporter-output>
        </test-method> <!-- testHomePage -->
        <test-method is-config="true" signature="tearDown()[pri:0, instance:test.TestingTheHomepage@1ca3b418]" started-at="2022-11-01T13:34:39 EET" name="tearDown" finished-at="2022-11-01T13:34:40 EET" duration-ms="441" status="PASS">
          <reporter-output>
          </reporter-output>
        </test-method> <!-- tearDown -->
        <test-method is-config="true" signature="tearDownReport()[pri:0, instance:test.TestingTheHomepage@1ca3b418]" started-at="2022-11-01T13:34:40 EET" name="tearDownReport" finished-at="2022-11-01T13:34:40 EET" duration-ms="743" status="PASS">
          <reporter-output>
          </reporter-output>
        </test-method> <!-- tearDownReport -->
      </class> <!-- test.TestingTheHomepage -->
    </test> <!-- Default test -->
  </suite> <!-- Default suite -->
</testng-results>
