<?xml version="1.0" encoding="UTF-8"?>
<!-- Generated by org.testng.reporters.JUnitXMLReporter -->
<testsuite ignored="0" hostname="DESKTOP-90T0URJ" failures="0" tests="4" name="Default test" time="92.838" errors="0" timestamp="2022-11-01T13:34:40 EET">
  <testcase classname="test.TestingTheHomepage" name="testHomePage" time="22.687"/>
  <testcase classname="test.TestingTheHomepage" name="testHomePage" time="1.034"/>
  <testcase classname="test.TestingTheHomepage" name="testHomePage" time="14.682"/>
  <testcase classname="test.TestingTheHomepage" name="testHomePage" time="44.554"/>
</testsuite> <!-- Default test -->
