<?xml version="1.0" encoding="UTF-8"?>
<!-- Generated by org.testng.reporters.JUnitXMLReporter -->
<testsuite ignored="0" hostname="DESKTOP-90T0URJ" failures="0" tests="6" name="Default test" time="212.486" errors="0" timestamp="2022-10-30T12:50:15 EET">
  <testcase classname="test.BuyProducts" name="buyingProducts" time="43.789"/>
  <testcase classname="test.BuyProducts" name="buyingProducts" time="33.817"/>
  <testcase classname="test.BuyProducts" name="buyingProducts" time="31.908"/>
  <testcase classname="test.BuyProducts" name="buyingProducts" time="32.791"/>
  <testcase classname="test.BuyProducts" name="buyingProducts" time="24.696"/>
  <testcase classname="test.BuyProducts" name="buyingProducts" time="33.571"/>
</testsuite> <!-- Default test -->
